[  0%] Built target std_msgs_generate_messages_cpp
[  0%] Built target std_msgs_generate_messages_lisp
[  0%] Built target roscpp_generate_messages_cpp
[  0%] Built target std_msgs_generate_messages_nodejs
[  0%] Built target roscpp_generate_messages_lisp
[  0%] Built target roscpp_generate_messages_nodejs
[  0%] Built target std_msgs_generate_messages_py
[  0%] Built target std_msgs_generate_messages_eus
[  0%] Built target rosgraph_msgs_generate_messages_eus
[  0%] Built target rosgraph_msgs_generate_messages_lisp
[  0%] Built target roscpp_generate_messages_py
[  0%] Built target roscpp_generate_messages_eus
[  0%] Built target rosgraph_msgs_generate_messages_py
[  0%] Built target rosgraph_msgs_generate_messages_nodejs
[  0%] Built target rosgraph_msgs_generate_messages_cpp
[  0%] Built target _nano_17_ethercat_generate_messages_check_deps_FT_nano17
[ 20%] Built target nano_17_ethercat_generate_messages_py
[ 30%] Built target nano_17_ethercat_generate_messages_cpp
[ 40%] Built target nano_17_ethercat_generate_messages_lisp
[ 60%] Built target nano_17_ethercat_generate_messages_eus
[ 70%] Built target nano_17_ethercat_generate_messages_nodejs
[ 70%] Built target nano_17_ethercat_generate_messages
[100%] Built target nano_17_ethercat
