[  0%] Built target std_msgs_generate_messages_py
[  0%] Built target geometry_msgs_generate_messages_py
[  0%] Built target std_msgs_generate_messages_cpp
[  0%] Built target std_msgs_generate_messages_eus
[  0%] Built target std_msgs_generate_messages_lisp
[  0%] Built target geometry_msgs_generate_messages_eus
[  0%] Built target geometry_msgs_generate_messages_cpp
[  0%] Built target std_msgs_generate_messages_nodejs
[  0%] Built target geometry_msgs_generate_messages_lisp
[  0%] Built target roscpp_generate_messages_cpp
[  0%] Built target geometry_msgs_generate_messages_nodejs
[  0%] Built target rosgraph_msgs_generate_messages_cpp
[  0%] Built target roscpp_generate_messages_eus
[  0%] Built target roscpp_generate_messages_nodejs
[  0%] Built target roscpp_generate_messages_lisp
[  0%] Built target rosgraph_msgs_generate_messages_lisp
[  0%] Built target roscpp_generate_messages_py
[  0%] Built target rosgraph_msgs_generate_messages_nodejs
[  0%] Built target rosgraph_msgs_generate_messages_py
[  0%] Built target tf_generate_messages_cpp
[  0%] Built target tf_generate_messages_eus
[  0%] Built target tf_generate_messages_py
[  0%] Built target tf_generate_messages_lisp
[  0%] Built target tf_generate_messages_nodejs
[  0%] Built target sensor_msgs_generate_messages_cpp
[  0%] Built target sensor_msgs_generate_messages_eus
[  0%] Built target sensor_msgs_generate_messages_lisp
[  0%] Built target sensor_msgs_generate_messages_nodejs
[  0%] Built target actionlib_generate_messages_nodejs
[  0%] Built target actionlib_generate_messages_eus
[  0%] Built target actionlib_generate_messages_cpp
[  0%] Built target actionlib_generate_messages_lisp
[  0%] Built target sensor_msgs_generate_messages_py
[  0%] Built target actionlib_generate_messages_py
[  0%] Built target actionlib_msgs_generate_messages_cpp
[  0%] Built target actionlib_msgs_generate_messages_eus
[  0%] Built target rosgraph_msgs_generate_messages_eus
[  0%] Built target actionlib_msgs_generate_messages_nodejs
[  0%] Built target actionlib_msgs_generate_messages_lisp
[  0%] Built target tf2_msgs_generate_messages_nodejs
[  0%] Built target tf2_msgs_generate_messages_eus
[  0%] Built target tf2_msgs_generate_messages_lisp
[  0%] Built target actionlib_msgs_generate_messages_py
[  0%] Built target tf2_msgs_generate_messages_cpp
[  0%] Built target tf2_msgs_generate_messages_py
[  0%] Built target _serial_communication_generate_messages_check_deps_finger_imu
[  0%] Built target _serial_communication_generate_messages_check_deps_hand_imu
[  0%] Built target _serial_communication_generate_messages_check_deps_hand_force
[  0%] Built target _serial_communication_generate_messages_check_deps_lzq
[  0%] Built target _serial_communication_generate_messages_check_deps_handpose
[  0%] Built target _serial_communication_generate_messages_check_deps_hand_egain
[  0%] Built target _serial_communication_generate_messages_check_deps_controler_message
[  0%] Built target _serial_communication_generate_messages_check_deps_finger_egain
[  0%] Built target _serial_communication_generate_messages_check_deps_pulso_message
[  0%] Built target _serial_communication_generate_messages_check_deps_fingerpose
[  0%] Built target _serial_communication_generate_messages_check_deps_imu_data
[  0%] Built target _serial_communication_generate_messages_check_deps_finger_force
[  0%] Built target _serial_communication_generate_messages_check_deps_finger_pressure
[  0%] Built target _serial_communication_generate_messages_check_deps_hand_pressure
[  0%] Built target _serial_communication_generate_messages_check_deps_smc_message
[ 20%] Built target serial_communication_generate_messages_py
[ 58%] Built target serial_communication_generate_messages_lisp
[ 58%] Built target serial_communication_generate_messages_eus
[ 88%] Built target serial_communication_generate_messages_nodejs
[ 95%] Built target serial_communication_generate_messages_cpp
[ 95%] Built target serial_communication_generate_messages
[ 97%] Built target pulsograph_communication
[100%] Built target serial_communication
